<?xml version="1.0" encoding="UTF-8"?>
<testsuites name="Regression Suite" time="119" tests="3" failures="0" errors="0">
   <testsuite name="Regression Suite" tests="3" failures="0" errors="0" time="119" timestamp="2018-12-14 07:12:09" hostname="KWAINAINA - LTTECH1815.mshome.net" id="Test Suites/Regression Suite">
      <properties>
         <property name="deviceName" value=""/>
         <property name="devicePlatform" value=""/>
         <property name="logFolder" value="C:\\Users\\kwainaina\\Katalon Studio\\Ken Presentation\\Reports\\Regression Suite\\20181214_071203"/>
         <property name="logFiles" value="C:\\Users\\kwainaina\\Katalon Studio\\Ken Presentation\\Reports\\Regression Suite\\20181214_071203\\execution0.log"/>
         <property name="attachments" value=""/>
         <property name="hostName" value="KWAINAINA - LTTECH1815.mshome.net"/>
         <property name="os" value="Windows 10 64bit"/>
         <property name="katalonVersion" value="5.9.1.2"/>
         <property name="browser" value="Firefox 62.0"/>
         <property name="hostAddress" value="172.28.120.177"/>
         <property name="sessionId" value="e746c76d-f2fa-4524-8754-8b417af90824"/>
         <property name="seleniumVersion" value="3.7.1"/>
         <property name="proxyInformation" value="ProxyInformation{proxyOption=NO_PROXY, proxyServerType=HTTP, password=, proxyServerAddress=, proxyServerPort=0}"/>
         <property name="platform" value="Windows 10"/>
      </properties>
      <testcase name="Test Cases/Masoko Sign In" classname="Test Cases/Masoko Sign In" status="PASSED">
         <system-out><![CDATA[2018-12-14 07:12:09 - [TEST_CASE][PASSED] - Test Cases/Masoko Sign In: Test Cases/Masoko Sign In

2018-12-14 07:12:10 - [TEST_STEP][PASSED] - openBrowser(""): Browser is opened with url: ''

2018-12-14 07:12:11 - [MESSAGE][INFO] - Starting 'Firefox' driver

2018-12-14 07:12:11 - [MESSAGE][INFO] - Action delay is set to 0 seconds

2018-12-14 07:12:18 - [MESSAGE][PASSED] - Browser is opened with url: ''

2018-12-14 07:12:18 - [TEST_STEP][PASSED] - navigateToUrl("https://www.masoko.com/"): Navigate to 'https://www.masoko.com/' successfully

2018-12-14 07:12:28 - [MESSAGE][PASSED] - Navigate to 'https://www.masoko.com/' successfully

2018-12-14 07:12:28 - [TEST_STEP][PASSED] - click(findTestObject("Object Repository/Masoko SignIn/Page_Shop Online in Kenya - Pay Con/p_Sign In")): Object: 'Object Repository/Masoko SignIn/Page_Shop Online in Kenya - Pay Con/p_Sign In' is clicked on

2018-12-14 07:12:34 - [MESSAGE][PASSED] - Object: 'Object Repository/Masoko SignIn/Page_Shop Online in Kenya - Pay Con/p_Sign In' is clicked on

2018-12-14 07:12:34 - [TEST_STEP][PASSED] - setText(findTestObject("Object Repository/Masoko SignIn/Page_Customer Login/input_If you have an account s"), email): Text 'wainainaken@gmail.com' is set on object 'Object Repository/Masoko SignIn/Page_Customer Login/input_If you have an account s'

2018-12-14 07:12:42 - [MESSAGE][PASSED] - Text 'wainainaken@gmail.com' is set on object 'Object Repository/Masoko SignIn/Page_Customer Login/input_If you have an account s'

2018-12-14 07:12:42 - [TEST_STEP][PASSED] - setEncryptedText(findTestObject("Object Repository/Masoko SignIn/Page_Customer Login/input_If you have an account s_1"), "ytq8CNxZ20o="): Text ****** has been set on object 'Object Repository/Masoko SignIn/Page_Customer Login/input_If you have an account s_1'

2018-12-14 07:12:42 - [MESSAGE][PASSED] - Text ****** has been set on object 'Object Repository/Masoko SignIn/Page_Customer Login/input_If you have an account s_1'

2018-12-14 07:12:42 - [TEST_STEP][PASSED] - setEncryptedText(findTestObject("Object Repository/Masoko SignIn/Page_Customer Login/input_If you have an account s_2"), "rQg123ONwgM="): Text ****** has been set on object 'Object Repository/Masoko SignIn/Page_Customer Login/input_If you have an account s_2'

2018-12-14 07:12:42 - [MESSAGE][PASSED] - Text ****** has been set on object 'Object Repository/Masoko SignIn/Page_Customer Login/input_If you have an account s_2'

2018-12-14 07:12:42 - [TEST_STEP][PASSED] - setEncryptedText(findTestObject("Object Repository/Masoko SignIn/Page_Customer Login/input_If you have an account s_3"), "U2K2yZ+rb98="): Text ****** has been set on object 'Object Repository/Masoko SignIn/Page_Customer Login/input_If you have an account s_3'

2018-12-14 07:12:43 - [MESSAGE][PASSED] - Text ****** has been set on object 'Object Repository/Masoko SignIn/Page_Customer Login/input_If you have an account s_3'

2018-12-14 07:12:43 - [TEST_STEP][PASSED] - setEncryptedText(findTestObject("Object Repository/Masoko SignIn/Page_Customer Login/input_If you have an account s_4"), "s5hRrzAgB2I="): Text ****** has been set on object 'Object Repository/Masoko SignIn/Page_Customer Login/input_If you have an account s_4'

2018-12-14 07:12:43 - [MESSAGE][PASSED] - Text ****** has been set on object 'Object Repository/Masoko SignIn/Page_Customer Login/input_If you have an account s_4'

2018-12-14 07:12:43 - [TEST_STEP][PASSED] - setEncryptedText(findTestObject("Object Repository/Masoko SignIn/Page_Customer Login/input_If you have an account s_5"), "qkGC7I7kJnU="): Text ****** has been set on object 'Object Repository/Masoko SignIn/Page_Customer Login/input_If you have an account s_5'

2018-12-14 07:12:44 - [MESSAGE][PASSED] - Text ****** has been set on object 'Object Repository/Masoko SignIn/Page_Customer Login/input_If you have an account s_5'

2018-12-14 07:12:44 - [TEST_STEP][PASSED] - setEncryptedText(findTestObject("Object Repository/Masoko SignIn/Page_Customer Login/input_If you have an account s_6"), "tO4+Cq/d9vk="): Text ****** has been set on object 'Object Repository/Masoko SignIn/Page_Customer Login/input_If you have an account s_6'

2018-12-14 07:12:44 - [MESSAGE][PASSED] - Text ****** has been set on object 'Object Repository/Masoko SignIn/Page_Customer Login/input_If you have an account s_6'

2018-12-14 07:12:44 - [TEST_STEP][PASSED] - setEncryptedText(findTestObject("Object Repository/Masoko SignIn/Page_Customer Login/input_If you have an account s_7"), "ratjN/ZUvbI="): Text ****** has been set on object 'Object Repository/Masoko SignIn/Page_Customer Login/input_If you have an account s_7'

2018-12-14 07:12:44 - [MESSAGE][PASSED] - Text ****** has been set on object 'Object Repository/Masoko SignIn/Page_Customer Login/input_If you have an account s_7'

2018-12-14 07:12:44 - [TEST_STEP][PASSED] - setEncryptedText(findTestObject("Object Repository/Masoko SignIn/Page_Customer Login/input_If you have an account s_8"), "+kCcTNaUIqTndFXouXKvTA=="): Text ****** has been set on object 'Object Repository/Masoko SignIn/Page_Customer Login/input_If you have an account s_8'

2018-12-14 07:12:45 - [MESSAGE][PASSED] - Text ****** has been set on object 'Object Repository/Masoko SignIn/Page_Customer Login/input_If you have an account s_8'

2018-12-14 07:12:45 - [TEST_STEP][PASSED] - setEncryptedText(findTestObject("Object Repository/Masoko SignIn/Page_Customer Login/input_If you have an account s_9"), "+kCcTNaUIqTndFXouXKvTA=="): Text ****** has been set on object 'Object Repository/Masoko SignIn/Page_Customer Login/input_If you have an account s_9'

2018-12-14 07:12:45 - [MESSAGE][PASSED] - Text ****** has been set on object 'Object Repository/Masoko SignIn/Page_Customer Login/input_If you have an account s_9'

2018-12-14 07:12:45 - [TEST_STEP][PASSED] - click(findTestObject("Object Repository/Masoko SignIn/Page_Customer Login/button_Sign In")): Object: 'Object Repository/Masoko SignIn/Page_Customer Login/button_Sign In' is clicked on

2018-12-14 07:12:51 - [MESSAGE][PASSED] - Object: 'Object Repository/Masoko SignIn/Page_Customer Login/button_Sign In' is clicked on

2018-12-14 07:12:51 - [TEST_STEP][PASSED] - closeBrowser(): Browser is closed

2018-12-14 07:12:54 - [MESSAGE][PASSED] - Browser is closed]]></system-out>
         <system-err><![CDATA[]]></system-err>
      </testcase>
      <testcase name="Test Cases/Masoko Sign In" classname="Test Cases/Masoko Sign In" status="PASSED">
         <system-out><![CDATA[2018-12-14 07:12:54 - [TEST_CASE][PASSED] - Test Cases/Masoko Sign In: Test Cases/Masoko Sign In

2018-12-14 07:12:54 - [TEST_STEP][PASSED] - openBrowser(""): Browser is opened with url: ''

2018-12-14 07:12:54 - [MESSAGE][INFO] - Starting 'Firefox' driver

2018-12-14 07:13:00 - [MESSAGE][PASSED] - Browser is opened with url: ''

2018-12-14 07:13:00 - [TEST_STEP][PASSED] - navigateToUrl("https://www.masoko.com/"): Navigate to 'https://www.masoko.com/' successfully

2018-12-14 07:13:09 - [MESSAGE][PASSED] - Navigate to 'https://www.masoko.com/' successfully

2018-12-14 07:13:09 - [TEST_STEP][PASSED] - click(findTestObject("Object Repository/Masoko SignIn/Page_Shop Online in Kenya - Pay Con/p_Sign In")): Object: 'Object Repository/Masoko SignIn/Page_Shop Online in Kenya - Pay Con/p_Sign In' is clicked on

2018-12-14 07:13:17 - [MESSAGE][PASSED] - Object: 'Object Repository/Masoko SignIn/Page_Shop Online in Kenya - Pay Con/p_Sign In' is clicked on

2018-12-14 07:13:17 - [TEST_STEP][PASSED] - setText(findTestObject("Object Repository/Masoko SignIn/Page_Customer Login/input_If you have an account s"), email): Text 'indepthrs@gmail.com' is set on object 'Object Repository/Masoko SignIn/Page_Customer Login/input_If you have an account s'

2018-12-14 07:13:18 - [MESSAGE][PASSED] - Text 'indepthrs@gmail.com' is set on object 'Object Repository/Masoko SignIn/Page_Customer Login/input_If you have an account s'

2018-12-14 07:13:18 - [TEST_STEP][PASSED] - setEncryptedText(findTestObject("Object Repository/Masoko SignIn/Page_Customer Login/input_If you have an account s_1"), "ytq8CNxZ20o="): Text ****** has been set on object 'Object Repository/Masoko SignIn/Page_Customer Login/input_If you have an account s_1'

2018-12-14 07:13:18 - [MESSAGE][PASSED] - Text ****** has been set on object 'Object Repository/Masoko SignIn/Page_Customer Login/input_If you have an account s_1'

2018-12-14 07:13:18 - [TEST_STEP][PASSED] - setEncryptedText(findTestObject("Object Repository/Masoko SignIn/Page_Customer Login/input_If you have an account s_2"), "rQg123ONwgM="): Text ****** has been set on object 'Object Repository/Masoko SignIn/Page_Customer Login/input_If you have an account s_2'

2018-12-14 07:13:19 - [MESSAGE][PASSED] - Text ****** has been set on object 'Object Repository/Masoko SignIn/Page_Customer Login/input_If you have an account s_2'

2018-12-14 07:13:19 - [TEST_STEP][PASSED] - setEncryptedText(findTestObject("Object Repository/Masoko SignIn/Page_Customer Login/input_If you have an account s_3"), "U2K2yZ+rb98="): Text ****** has been set on object 'Object Repository/Masoko SignIn/Page_Customer Login/input_If you have an account s_3'

2018-12-14 07:13:19 - [MESSAGE][PASSED] - Text ****** has been set on object 'Object Repository/Masoko SignIn/Page_Customer Login/input_If you have an account s_3'

2018-12-14 07:13:19 - [TEST_STEP][PASSED] - setEncryptedText(findTestObject("Object Repository/Masoko SignIn/Page_Customer Login/input_If you have an account s_4"), "s5hRrzAgB2I="): Text ****** has been set on object 'Object Repository/Masoko SignIn/Page_Customer Login/input_If you have an account s_4'

2018-12-14 07:13:19 - [MESSAGE][PASSED] - Text ****** has been set on object 'Object Repository/Masoko SignIn/Page_Customer Login/input_If you have an account s_4'

2018-12-14 07:13:19 - [TEST_STEP][PASSED] - setEncryptedText(findTestObject("Object Repository/Masoko SignIn/Page_Customer Login/input_If you have an account s_5"), "qkGC7I7kJnU="): Text ****** has been set on object 'Object Repository/Masoko SignIn/Page_Customer Login/input_If you have an account s_5'

2018-12-14 07:13:20 - [MESSAGE][PASSED] - Text ****** has been set on object 'Object Repository/Masoko SignIn/Page_Customer Login/input_If you have an account s_5'

2018-12-14 07:13:20 - [TEST_STEP][PASSED] - setEncryptedText(findTestObject("Object Repository/Masoko SignIn/Page_Customer Login/input_If you have an account s_6"), "tO4+Cq/d9vk="): Text ****** has been set on object 'Object Repository/Masoko SignIn/Page_Customer Login/input_If you have an account s_6'

2018-12-14 07:13:21 - [MESSAGE][PASSED] - Text ****** has been set on object 'Object Repository/Masoko SignIn/Page_Customer Login/input_If you have an account s_6'

2018-12-14 07:13:21 - [TEST_STEP][PASSED] - setEncryptedText(findTestObject("Object Repository/Masoko SignIn/Page_Customer Login/input_If you have an account s_7"), "ratjN/ZUvbI="): Text ****** has been set on object 'Object Repository/Masoko SignIn/Page_Customer Login/input_If you have an account s_7'

2018-12-14 07:13:21 - [MESSAGE][PASSED] - Text ****** has been set on object 'Object Repository/Masoko SignIn/Page_Customer Login/input_If you have an account s_7'

2018-12-14 07:13:21 - [TEST_STEP][PASSED] - setEncryptedText(findTestObject("Object Repository/Masoko SignIn/Page_Customer Login/input_If you have an account s_8"), "+kCcTNaUIqTndFXouXKvTA=="): Text ****** has been set on object 'Object Repository/Masoko SignIn/Page_Customer Login/input_If you have an account s_8'

2018-12-14 07:13:21 - [MESSAGE][PASSED] - Text ****** has been set on object 'Object Repository/Masoko SignIn/Page_Customer Login/input_If you have an account s_8'

2018-12-14 07:13:21 - [TEST_STEP][PASSED] - setEncryptedText(findTestObject("Object Repository/Masoko SignIn/Page_Customer Login/input_If you have an account s_9"), "+kCcTNaUIqTndFXouXKvTA=="): Text ****** has been set on object 'Object Repository/Masoko SignIn/Page_Customer Login/input_If you have an account s_9'

2018-12-14 07:13:22 - [MESSAGE][PASSED] - Text ****** has been set on object 'Object Repository/Masoko SignIn/Page_Customer Login/input_If you have an account s_9'

2018-12-14 07:13:22 - [TEST_STEP][PASSED] - click(findTestObject("Object Repository/Masoko SignIn/Page_Customer Login/button_Sign In")): Object: 'Object Repository/Masoko SignIn/Page_Customer Login/button_Sign In' is clicked on

2018-12-14 07:13:30 - [MESSAGE][PASSED] - Object: 'Object Repository/Masoko SignIn/Page_Customer Login/button_Sign In' is clicked on

2018-12-14 07:13:30 - [TEST_STEP][PASSED] - closeBrowser(): Browser is closed

2018-12-14 07:13:32 - [MESSAGE][PASSED] - Browser is closed]]></system-out>
         <system-err><![CDATA[]]></system-err>
      </testcase>
      <testcase name="Test Cases/Masoko Sign In" classname="Test Cases/Masoko Sign In" status="PASSED">
         <system-out><![CDATA[2018-12-14 07:13:32 - [TEST_CASE][PASSED] - Test Cases/Masoko Sign In: Test Cases/Masoko Sign In

2018-12-14 07:13:32 - [TEST_STEP][PASSED] - openBrowser(""): Browser is opened with url: ''

2018-12-14 07:13:32 - [MESSAGE][INFO] - Starting 'Firefox' driver

2018-12-14 07:13:37 - [MESSAGE][PASSED] - Browser is opened with url: ''

2018-12-14 07:13:37 - [TEST_STEP][PASSED] - navigateToUrl("https://www.masoko.com/"): Navigate to 'https://www.masoko.com/' successfully

2018-12-14 07:13:46 - [MESSAGE][PASSED] - Navigate to 'https://www.masoko.com/' successfully

2018-12-14 07:13:46 - [TEST_STEP][PASSED] - click(findTestObject("Object Repository/Masoko SignIn/Page_Shop Online in Kenya - Pay Con/p_Sign In")): Object: 'Object Repository/Masoko SignIn/Page_Shop Online in Kenya - Pay Con/p_Sign In' is clicked on

2018-12-14 07:13:56 - [MESSAGE][PASSED] - Object: 'Object Repository/Masoko SignIn/Page_Shop Online in Kenya - Pay Con/p_Sign In' is clicked on

2018-12-14 07:13:56 - [TEST_STEP][PASSED] - setText(findTestObject("Object Repository/Masoko SignIn/Page_Customer Login/input_If you have an account s"), email): Text 'dummy@gmail.com' is set on object 'Object Repository/Masoko SignIn/Page_Customer Login/input_If you have an account s'

2018-12-14 07:13:56 - [MESSAGE][PASSED] - Text 'dummy@gmail.com' is set on object 'Object Repository/Masoko SignIn/Page_Customer Login/input_If you have an account s'

2018-12-14 07:13:56 - [TEST_STEP][PASSED] - setEncryptedText(findTestObject("Object Repository/Masoko SignIn/Page_Customer Login/input_If you have an account s_1"), "ytq8CNxZ20o="): Text ****** has been set on object 'Object Repository/Masoko SignIn/Page_Customer Login/input_If you have an account s_1'

2018-12-14 07:13:56 - [MESSAGE][PASSED] - Text ****** has been set on object 'Object Repository/Masoko SignIn/Page_Customer Login/input_If you have an account s_1'

2018-12-14 07:13:56 - [TEST_STEP][PASSED] - setEncryptedText(findTestObject("Object Repository/Masoko SignIn/Page_Customer Login/input_If you have an account s_2"), "rQg123ONwgM="): Text ****** has been set on object 'Object Repository/Masoko SignIn/Page_Customer Login/input_If you have an account s_2'

2018-12-14 07:13:56 - [MESSAGE][PASSED] - Text ****** has been set on object 'Object Repository/Masoko SignIn/Page_Customer Login/input_If you have an account s_2'

2018-12-14 07:13:56 - [TEST_STEP][PASSED] - setEncryptedText(findTestObject("Object Repository/Masoko SignIn/Page_Customer Login/input_If you have an account s_3"), "U2K2yZ+rb98="): Text ****** has been set on object 'Object Repository/Masoko SignIn/Page_Customer Login/input_If you have an account s_3'

2018-12-14 07:13:57 - [MESSAGE][PASSED] - Text ****** has been set on object 'Object Repository/Masoko SignIn/Page_Customer Login/input_If you have an account s_3'

2018-12-14 07:13:57 - [TEST_STEP][PASSED] - setEncryptedText(findTestObject("Object Repository/Masoko SignIn/Page_Customer Login/input_If you have an account s_4"), "s5hRrzAgB2I="): Text ****** has been set on object 'Object Repository/Masoko SignIn/Page_Customer Login/input_If you have an account s_4'

2018-12-14 07:13:57 - [MESSAGE][PASSED] - Text ****** has been set on object 'Object Repository/Masoko SignIn/Page_Customer Login/input_If you have an account s_4'

2018-12-14 07:13:57 - [TEST_STEP][PASSED] - setEncryptedText(findTestObject("Object Repository/Masoko SignIn/Page_Customer Login/input_If you have an account s_5"), "qkGC7I7kJnU="): Text ****** has been set on object 'Object Repository/Masoko SignIn/Page_Customer Login/input_If you have an account s_5'

2018-12-14 07:13:57 - [MESSAGE][PASSED] - Text ****** has been set on object 'Object Repository/Masoko SignIn/Page_Customer Login/input_If you have an account s_5'

2018-12-14 07:13:57 - [TEST_STEP][PASSED] - setEncryptedText(findTestObject("Object Repository/Masoko SignIn/Page_Customer Login/input_If you have an account s_6"), "tO4+Cq/d9vk="): Text ****** has been set on object 'Object Repository/Masoko SignIn/Page_Customer Login/input_If you have an account s_6'

2018-12-14 07:13:57 - [MESSAGE][PASSED] - Text ****** has been set on object 'Object Repository/Masoko SignIn/Page_Customer Login/input_If you have an account s_6'

2018-12-14 07:13:57 - [TEST_STEP][PASSED] - setEncryptedText(findTestObject("Object Repository/Masoko SignIn/Page_Customer Login/input_If you have an account s_7"), "ratjN/ZUvbI="): Text ****** has been set on object 'Object Repository/Masoko SignIn/Page_Customer Login/input_If you have an account s_7'

2018-12-14 07:13:57 - [MESSAGE][PASSED] - Text ****** has been set on object 'Object Repository/Masoko SignIn/Page_Customer Login/input_If you have an account s_7'

2018-12-14 07:13:57 - [TEST_STEP][PASSED] - setEncryptedText(findTestObject("Object Repository/Masoko SignIn/Page_Customer Login/input_If you have an account s_8"), "+kCcTNaUIqTndFXouXKvTA=="): Text ****** has been set on object 'Object Repository/Masoko SignIn/Page_Customer Login/input_If you have an account s_8'

2018-12-14 07:13:57 - [MESSAGE][PASSED] - Text ****** has been set on object 'Object Repository/Masoko SignIn/Page_Customer Login/input_If you have an account s_8'

2018-12-14 07:13:57 - [TEST_STEP][PASSED] - setEncryptedText(findTestObject("Object Repository/Masoko SignIn/Page_Customer Login/input_If you have an account s_9"), "+kCcTNaUIqTndFXouXKvTA=="): Text ****** has been set on object 'Object Repository/Masoko SignIn/Page_Customer Login/input_If you have an account s_9'

2018-12-14 07:13:58 - [MESSAGE][PASSED] - Text ****** has been set on object 'Object Repository/Masoko SignIn/Page_Customer Login/input_If you have an account s_9'

2018-12-14 07:13:58 - [TEST_STEP][PASSED] - click(findTestObject("Object Repository/Masoko SignIn/Page_Customer Login/button_Sign In")): Object: 'Object Repository/Masoko SignIn/Page_Customer Login/button_Sign In' is clicked on

2018-12-14 07:14:05 - [MESSAGE][PASSED] - Object: 'Object Repository/Masoko SignIn/Page_Customer Login/button_Sign In' is clicked on

2018-12-14 07:14:05 - [TEST_STEP][PASSED] - closeBrowser(): Browser is closed

2018-12-14 07:14:08 - [MESSAGE][PASSED] - Browser is closed]]></system-out>
         <system-err><![CDATA[]]></system-err>
      </testcase>
      <system-out><![CDATA[2018-12-14 07:12:09 - [TEST_SUITE][PASSED] - Regression Suite: Test Cases/Masoko Sign In]]></system-out>
      <system-err><![CDATA[]]></system-err>
   </testsuite>
</testsuites>
