<?xml version="1.0" encoding="UTF-8"?>
<testsuites name="Regression Suite" time="51" tests="2" failures="0" errors="0">
   <testsuite name="Regression Suite" tests="2" failures="0" errors="0" time="51" timestamp="2018-12-14 14:16:56" hostname="KWAINAINA - LTTECH1815.mshome.net" id="Test Suites/Regression Suite">
      <properties>
         <property name="deviceName" value=""/>
         <property name="devicePlatform" value=""/>
         <property name="logFolder" value="C:\\Users\\kwainaina\\Katalon Studio\\Ken Presentation\\Reports\\Regression Suite\\20181214_141651"/>
         <property name="logFiles" value="C:\\Users\\kwainaina\\Katalon Studio\\Ken Presentation\\Reports\\Regression Suite\\20181214_141651\\execution0.log"/>
         <property name="attachments" value=""/>
         <property name="hostName" value="KWAINAINA - LTTECH1815.mshome.net"/>
         <property name="os" value="Windows 10 64bit"/>
         <property name="katalonVersion" value="5.9.1.2"/>
         <property name="browser" value="Chrome 70.0.3538.110"/>
         <property name="hostAddress" value="172.28.120.177"/>
         <property name="sessionId" value="726f631502da6658cd170f22e04141fd"/>
         <property name="seleniumVersion" value="3.7.1"/>
         <property name="proxyInformation" value="ProxyInformation{proxyOption=NO_PROXY, proxyServerType=HTTP, password=, proxyServerAddress=, proxyServerPort=0}"/>
         <property name="platform" value="Windows 10"/>
      </properties>
      <testcase name="Test Cases/Masoko Search Functionality" classname="Test Cases/Masoko Search Functionality" status="PASSED">
         <system-out><![CDATA[2018-12-14 14:16:57 - [TEST_CASE][PASSED] - Test Cases/Masoko Search Functionality: Test Cases/Masoko Search Functionality

2018-12-14 14:16:58 - [TEST_STEP][PASSED] - openBrowser(""): Browser is opened with url: ''

2018-12-14 14:16:58 - [MESSAGE][INFO] - Starting 'Chrome' driver

2018-12-14 14:16:59 - [MESSAGE][INFO] - Action delay is set to 0 seconds

2018-12-14 14:17:03 - [MESSAGE][PASSED] - Browser is opened with url: ''

2018-12-14 14:17:03 - [TEST_STEP][PASSED] - navigateToUrl("https://www.masoko.com/"): Navigate to 'https://www.masoko.com/' successfully

2018-12-14 14:17:14 - [MESSAGE][PASSED] - Navigate to 'https://www.masoko.com/' successfully

2018-12-14 14:17:14 - [TEST_STEP][PASSED] - setText(findTestObject("Object Repository/Masoko Search/Page_Shop Online in Kenya - Pay Con/input_Search_q"), query): Text 'cup' is set on object 'Object Repository/Masoko Search/Page_Shop Online in Kenya - Pay Con/input_Search_q'

2018-12-14 14:17:15 - [MESSAGE][PASSED] - Text 'cup' is set on object 'Object Repository/Masoko Search/Page_Shop Online in Kenya - Pay Con/input_Search_q'

2018-12-14 14:17:15 - [TEST_STEP][PASSED] - click(findTestObject("Object Repository/Masoko Search/Page_Shop Online in Kenya - Pay Con/button_Search")): Object: 'Object Repository/Masoko Search/Page_Shop Online in Kenya - Pay Con/button_Search' is clicked on

2018-12-14 14:17:23 - [MESSAGE][PASSED] - Object: 'Object Repository/Masoko Search/Page_Shop Online in Kenya - Pay Con/button_Search' is clicked on]]></system-out>
         <system-err><![CDATA[]]></system-err>
      </testcase>
      <testcase name="Test Cases/Masoko Search Functionality" classname="Test Cases/Masoko Search Functionality" status="PASSED">
         <system-out><![CDATA[2018-12-14 14:17:23 - [TEST_CASE][PASSED] - Test Cases/Masoko Search Functionality: Test Cases/Masoko Search Functionality

2018-12-14 14:17:23 - [TEST_STEP][PASSED] - openBrowser(""): Browser is opened with url: ''

2018-12-14 14:17:23 - [MESSAGE][WARNING] - A browser is already opened. Closing browser and opening a new one

2018-12-14 14:17:24 - [MESSAGE][INFO] - Starting 'Chrome' driver

2018-12-14 14:17:27 - [MESSAGE][PASSED] - Browser is opened with url: ''

2018-12-14 14:17:27 - [TEST_STEP][PASSED] - navigateToUrl("https://www.masoko.com/"): Navigate to 'https://www.masoko.com/' successfully

2018-12-14 14:17:38 - [MESSAGE][PASSED] - Navigate to 'https://www.masoko.com/' successfully

2018-12-14 14:17:38 - [TEST_STEP][PASSED] - setText(findTestObject("Object Repository/Masoko Search/Page_Shop Online in Kenya - Pay Con/input_Search_q"), query): Text 'cake' is set on object 'Object Repository/Masoko Search/Page_Shop Online in Kenya - Pay Con/input_Search_q'

2018-12-14 14:17:39 - [MESSAGE][PASSED] - Text 'cake' is set on object 'Object Repository/Masoko Search/Page_Shop Online in Kenya - Pay Con/input_Search_q'

2018-12-14 14:17:39 - [TEST_STEP][PASSED] - click(findTestObject("Object Repository/Masoko Search/Page_Shop Online in Kenya - Pay Con/button_Search")): Object: 'Object Repository/Masoko Search/Page_Shop Online in Kenya - Pay Con/button_Search' is clicked on

2018-12-14 14:17:46 - [MESSAGE][PASSED] - Object: 'Object Repository/Masoko Search/Page_Shop Online in Kenya - Pay Con/button_Search' is clicked on]]></system-out>
         <system-err><![CDATA[]]></system-err>
      </testcase>
      <system-out><![CDATA[2018-12-14 14:16:56 - [TEST_SUITE][PASSED] - Regression Suite: Test Cases/Masoko Search Functionality]]></system-out>
      <system-err><![CDATA[]]></system-err>
   </testsuite>
</testsuites>
